# JRE version: Java(TM) SE Runtime Environment (8.0_65-b17) (build 1.8.0_65-b17)
# Java VM: Java HotSpot(TM) 64-Bit Server VM (25.65-b01 mixed mode bsd-amd64 compressed oops)
Heap:
 PSYoungGen      total 69120K, used 57156K [0x000000076ab00000, 0x000000076fa00000, 0x00000007c0000000)
  eden space 60416K, 81% used [0x000000076ab00000,0x000000076db0cdb8,0x000000076e600000)
  from space 8704K, 91% used [0x000000076f180000,0x000000076f9445c8,0x000000076fa00000)
  to   space 10240K, 0% used [0x000000076e600000,0x000000076e600000,0x000000076f000000)
 ParOldGen       total 175104K, used 5035K [0x00000006c0000000, 0x00000006cab00000, 0x000000076ab00000)
  object space 175104K, 2% used [0x00000006c0000000,0x00000006c04eac00,0x00000006cab00000)
 Metaspace       used 15324K, capacity 15888K, committed 16000K, reserved 1062912K
  class space    used 1933K, capacity 2103K, committed 2176K, reserved 1048576K
GC Heap History (10 events):
Event: 13.884 GC heap before
{Heap before GC invocations=4 (full 0):
 PSYoungGen      total 76288K, used 73494K [0x000000076ab00000, 0x0000000770000000, 0x00000007c0000000)
  eden space 65536K, 98% used [0x000000076ab00000,0x000000076ea28f20,0x000000076eb00000)
  from space 10752K, 82% used [0x000000076eb00000,0x000000076f39ca90,0x000000076f580000)
  to   space 10752K, 0% used [0x000000076f580000,0x000000076f580000,0x0000000770000000)
 ParOldGen       total 175104K, used 96K [0x00000006c0000000, 0x00000006cab00000, 0x000000076ab00000)
  object space 175104K, 0% used [0x00000006c0000000,0x00000006c0018010,0x00000006cab00000)
 Metaspace       used 14997K, capacity 15608K, committed 15744K, reserved 1062912K
  class space    used 1927K, capacity 2097K, committed 2176K, reserved 1048576K
Event: 13.890 GC heap after
Heap after GC invocations=4 (full 0):
 PSYoungGen      total 76288K, used 10725K [0x000000076ab00000, 0x0000000770000000, 0x00000007c0000000)
  eden space 65536K, 0% used [0x000000076ab00000,0x000000076ab00000,0x000000076eb00000)
  from space 10752K, 99% used [0x000000076f580000,0x000000076fff9690,0x0000000770000000)
  to   space 10752K, 0% used [0x000000076eb00000,0x000000076eb00000,0x000000076f580000)
 ParOldGen       total 175104K, used 208K [0x00000006c0000000, 0x00000006cab00000, 0x000000076ab00000)
  object space 175104K, 0% used [0x00000006c0000000,0x00000006c0034010,0x00000006cab00000)
 Metaspace       used 14997K, capacity 15608K, committed 15744K, reserved 1062912K
  class space    used 1927K, capacity 2097K, committed 2176K, reserved 1048576K
}
Event: 17.806 GC heap before
{Heap before GC invocations=5 (full 0):
 PSYoungGen      total 76288K, used 76192K [0x000000076ab00000, 0x0000000770000000, 0x00000007c0000000)
  eden space 65536K, 99% used [0x000000076ab00000,0x000000076eaeec10,0x000000076eb00000)
  from space 10752K, 99% used [0x000000076f580000,0x000000076fff9690,0x0000000770000000)
  to   space 10752K, 0% used [0x000000076eb00000,0x000000076eb00000,0x000000076f580000)
 ParOldGen       total 175104K, used 208K [0x00000006c0000000, 0x00000006cab00000, 0x000000076ab00000)
  object space 175104K, 0% used [0x00000006c0000000,0x00000006c0034010,0x00000006cab00000)
 Metaspace       used 15074K, capacity 15676K, committed 16000K, reserved 1062912K
  class space    used 1927K, capacity 2097K, committed 2176K, reserved 1048576K
Event: 17.811 GC heap after
Heap after GC invocations=5 (full 0):
 PSYoungGen      total 73216K, used 8761K [0x000000076ab00000, 0x000000076fe80000, 0x00000007c0000000)
  eden space 64000K, 0% used [0x000000076ab00000,0x000000076ab00000,0x000000076e980000)
  from space 9216K, 95% used [0x000000076eb00000,0x000000076f38e438,0x000000076f400000)
  to   space 10752K, 0% used [0x000000076f400000,0x000000076f400000,0x000000076fe80000)
 ParOldGen       total 175104K, used 216K [0x00000006c0000000, 0x00000006cab00000, 0x000000076ab00000)
  object space 175104K, 0% used [0x00000006c0000000,0x00000006c0036010,0x00000006cab00000)
 Metaspace       used 15074K, capacity 15676K, committed 16000K, reserved 1062912K
  class space    used 1927K, capacity 2097K, committed 2176K, reserved 1048576K
}
Event: 21.634 GC heap before
{Heap before GC invocations=6 (full 0):
 PSYoungGen      total 73216K, used 72037K [0x000000076ab00000, 0x000000076fe80000, 0x00000007c0000000)
  eden space 64000K, 98% used [0x000000076ab00000,0x000000076e8cb360,0x000000076e980000)
  from space 9216K, 95% used [0x000000076eb00000,0x000000076f38e438,0x000000076f400000)
  to   space 10752K, 0% used [0x000000076f400000,0x000000076f400000,0x000000076fe80000)
 ParOldGen       total 175104K, used 216K [0x00000006c0000000, 0x00000006cab00000, 0x000000076ab00000)
  object space 175104K, 0% used [0x00000006c0000000,0x00000006c0036010,0x00000006cab00000)
 Metaspace       used 15167K, capacity 15740K, committed 16000K, reserved 1062912K
  class space    used 1927K, capacity 2097K, committed 2176K, reserved 1048576K
Event: 21.639 GC heap after
Heap after GC invocations=6 (full 0):
 PSYoungGen      total 71680K, used 8725K [0x000000076ab00000, 0x000000076fd00000, 0x00000007c0000000)
  eden space 62464K, 0% used [0x000000076ab00000,0x000000076ab00000,0x000000076e800000)
  from space 9216K, 94% used [0x000000076f400000,0x000000076fc85720,0x000000076fd00000)
  to   space 10752K, 0% used [0x000000076e800000,0x000000076e800000,0x000000076f280000)
 ParOldGen       total 175104K, used 224K [0x00000006c0000000, 0x00000006cab00000, 0x000000076ab00000)
  object space 175104K, 0% used [0x00000006c0000000,0x00000006c0038010,0x00000006cab00000)
 Metaspace       used 15167K, capacity 15740K, committed 16000K, reserved 1062912K
  class space    used 1927K, capacity 2097K, committed 2176K, reserved 1048576K
}
Event: 23.963 GC heap before
{Heap before GC invocations=7 (full 0):
 PSYoungGen      total 71680K, used 71189K [0x000000076ab00000, 0x000000076fd00000, 0x00000007c0000000)
  eden space 62464K, 100% used [0x000000076ab00000,0x000000076e800000,0x000000076e800000)
  from space 9216K, 94% used [0x000000076f400000,0x000000076fc85720,0x000000076fd00000)
  to   space 10752K, 0% used [0x000000076e800000,0x000000076e800000,0x000000076f280000)
 ParOldGen       total 175104K, used 224K [0x00000006c0000000, 0x00000006cab00000, 0x000000076ab00000)
  object space 175104K, 0% used [0x00000006c0000000,0x00000006c0038010,0x00000006cab00000)
 Metaspace       used 15197K, capacity 15740K, committed 16000K, reserved 1062912K
  class space    used 1927K, capacity 2097K, committed 2176K, reserved 1048576K
Event: 23.969 GC heap after
Heap after GC invocations=7 (full 0):
 PSYoungGen      total 70144K, used 8199K [0x000000076ab00000, 0x000000076fc00000, 0x00000007c0000000)
  eden space 61440K, 0% used [0x000000076ab00000,0x000000076ab00000,0x000000076e700000)
  from space 8704K, 94% used [0x000000076e800000,0x000000076f001fc0,0x000000076f080000)
  to   space 10752K, 0% used [0x000000076f180000,0x000000076f180000,0x000000076fc00000)
 ParOldGen       total 175104K, used 5003K [0x00000006c0000000, 0x00000006cab00000, 0x000000076ab00000)
  object space 175104K, 2% used [0x00000006c0000000,0x00000006c04e2c00,0x00000006cab00000)
 Metaspace       used 15197K, capacity 15740K, committed 16000K, reserved 1062912K
  class space    used 1927K, capacity 2097K, committed 2176K, reserved 1048576K
}
Event: 27.134 GC heap before
{Heap before GC invocations=8 (full 0):
 PSYoungGen      total 70144K, used 69506K [0x000000076ab00000, 0x000000076fc00000, 0x00000007c0000000)
  eden space 61440K, 99% used [0x000000076ab00000,0x000000076e6debe8,0x000000076e700000)
  from space 8704K, 94% used [0x000000076e800000,0x000000076f001fc0,0x000000076f080000)
  to   space 10752K, 0% used [0x000000076f180000,0x000000076f180000,0x000000076fc00000)
 ParOldGen       total 175104K, used 5003K [0x00000006c0000000, 0x00000006cab00000, 0x000000076ab00000)
  object space 175104K, 2% used [0x00000006c0000000,0x00000006c04e2c00,0x00000006cab00000)
 Metaspace       used 15285K, capacity 15824K, committed 16000K, reserved 1062912K
  class space    used 1933K, capacity 2103K, committed 2176K, reserved 1048576K
Event: 27.136 GC heap after
Heap after GC invocations=8 (full 0):
 PSYoungGen      total 69120K, used 7953K [0x000000076ab00000, 0x000000076fa00000, 0x00000007c0000000)
  eden space 60416K, 0% used [0x000000076ab00000,0x000000076ab00000,0x000000076e600000)
  from space 8704K, 91% used [0x000000076f180000,0x000000076f9445c8,0x000000076fa00000)
  to   space 10240K, 0% used [0x000000076e600000,0x000000076e600000,0x000000076f000000)
 ParOldGen       total 175104K, used 5035K [0x00000006c0000000, 0x00000006cab00000, 0x000000076ab00000)
  object space 175104K, 2% used [0x00000006c0000000,0x00000006c04eac00,0x00000006cab00000)
 Metaspace       used 15285K, capacity 15824K, committed 16000K, reserved 1062912K
  class space    used 1933K, capacity 2103K, committed 2176K, reserved 1048576K
}

